{"C:\\COS301\\Hands-Up\\frontend\\src\\utils\\apiCalls.js": {"path":"C:\\COS301\\Hands-Up\\frontend\\src\\utils\\apiCalls.js","statementMap":{"0":{"start":{"line":1,"column":26},"end":{"line":1,"column":66}},"1":{"start":{"line":2,"column":26},"end":{"line":2,"column":66}},"2":{"start":{"line":3,"column":30},"end":{"line":3,"column":74}},"3":{"start":{"line":4,"column":21},"end":{"line":4,"column":56}},"4":{"start":{"line":6,"column":33},"end":{"line":23,"column":1}},"5":{"start":{"line":7,"column":17},"end":{"line":7,"column":38}},"6":{"start":{"line":8,"column":4},"end":{"line":21,"column":5}},"7":{"start":{"line":9,"column":22},"end":{"line":9,"column":76}},"8":{"start":{"line":10,"column":8},"end":{"line":12,"column":9}},"9":{"start":{"line":11,"column":12},"end":{"line":11,"column":51}},"10":{"start":{"line":13,"column":8},"end":{"line":15,"column":9}},"11":{"start":{"line":14,"column":12},"end":{"line":14,"column":39}},"12":{"start":{"line":16,"column":8},"end":{"line":18,"column":9}},"13":{"start":{"line":17,"column":12},"end":{"line":17,"column":43}},"14":{"start":{"line":20,"column":8},"end":{"line":20,"column":20}},"15":{"start":{"line":22,"column":4},"end":{"line":22,"column":16}},"16":{"start":{"line":25,"column":28},"end":{"line":46,"column":1}},"17":{"start":{"line":26,"column":2},"end":{"line":26,"column":46}},"18":{"start":{"line":28,"column":19},"end":{"line":28,"column":33}},"19":{"start":{"line":29,"column":2},"end":{"line":29,"column":46}},"20":{"start":{"line":30,"column":2},"end":{"line":30,"column":21}},"21":{"start":{"line":32,"column":2},"end":{"line":45,"column":3}},"22":{"start":{"line":33,"column":21},"end":{"line":36,"column":6}},"23":{"start":{"line":38,"column":17},"end":{"line":38,"column":38}},"24":{"start":{"line":39,"column":4},"end":{"line":39,"column":35}},"25":{"start":{"line":40,"column":4},"end":{"line":40,"column":18}},"26":{"start":{"line":43,"column":4},"end":{"line":43,"column":25}},"27":{"start":{"line":44,"column":4},"end":{"line":44,"column":38}},"28":{"start":{"line":49,"column":35},"end":{"line":72,"column":1}},"29":{"start":{"line":50,"column":3},"end":{"line":71,"column":5}},"30":{"start":{"line":51,"column":25},"end":{"line":51,"column":102}},"31":{"start":{"line":52,"column":21},"end":{"line":52,"column":42}},"32":{"start":{"line":53,"column":8},"end":{"line":66,"column":9}},"33":{"start":{"line":54,"column":26},"end":{"line":54,"column":80}},"34":{"start":{"line":55,"column":12},"end":{"line":57,"column":13}},"35":{"start":{"line":56,"column":16},"end":{"line":56,"column":55}},"36":{"start":{"line":58,"column":12},"end":{"line":60,"column":13}},"37":{"start":{"line":59,"column":16},"end":{"line":59,"column":43}},"38":{"start":{"line":61,"column":12},"end":{"line":63,"column":13}},"39":{"start":{"line":62,"column":16},"end":{"line":62,"column":47}},"40":{"start":{"line":65,"column":12},"end":{"line":65,"column":24}},"41":{"start":{"line":67,"column":8},"end":{"line":67,"column":20}},"42":{"start":{"line":69,"column":8},"end":{"line":69,"column":66}},"43":{"start":{"line":70,"column":8},"end":{"line":70,"column":21}},"44":{"start":{"line":75,"column":22},"end":{"line":96,"column":1}},"45":{"start":{"line":76,"column":4},"end":{"line":95,"column":5}},"46":{"start":{"line":77,"column":25},"end":{"line":90,"column":10}},"47":{"start":{"line":91,"column":8},"end":{"line":91,"column":43}},"48":{"start":{"line":93,"column":8},"end":{"line":93,"column":89}},"49":{"start":{"line":94,"column":8},"end":{"line":94,"column":20}},"50":{"start":{"line":98,"column":36},"end":{"line":107,"column":1}},"51":{"start":{"line":99,"column":21},"end":{"line":105,"column":6}},"52":{"start":{"line":106,"column":4},"end":{"line":106,"column":39}},"53":{"start":{"line":109,"column":21},"end":{"line":124,"column":1}},"54":{"start":{"line":110,"column":4},"end":{"line":123,"column":5}},"55":{"start":{"line":111,"column":25},"end":{"line":118,"column":10}},"56":{"start":{"line":119,"column":8},"end":{"line":119,"column":43}},"57":{"start":{"line":121,"column":8},"end":{"line":121,"column":45}},"58":{"start":{"line":122,"column":8},"end":{"line":122,"column":20}},"59":{"start":{"line":126,"column":22},"end":{"line":137,"column":1}},"60":{"start":{"line":127,"column":4},"end":{"line":136,"column":5}},"61":{"start":{"line":128,"column":25},"end":{"line":131,"column":10}},"62":{"start":{"line":132,"column":8},"end":{"line":132,"column":43}},"63":{"start":{"line":134,"column":8},"end":{"line":134,"column":50}},"64":{"start":{"line":135,"column":8},"end":{"line":135,"column":20}},"65":{"start":{"line":139,"column":27},"end":{"line":152,"column":1}},"66":{"start":{"line":140,"column":4},"end":{"line":140,"column":84}},"67":{"start":{"line":141,"column":4},"end":{"line":151,"column":5}},"68":{"start":{"line":142,"column":25},"end":{"line":145,"column":10}},"69":{"start":{"line":147,"column":7},"end":{"line":147,"column":42}},"70":{"start":{"line":149,"column":7},"end":{"line":149,"column":91}},"71":{"start":{"line":150,"column":8},"end":{"line":150,"column":20}},"72":{"start":{"line":154,"column":30},"end":{"line":163,"column":1}},"73":{"start":{"line":155,"column":4},"end":{"line":162,"column":5}},"74":{"start":{"line":156,"column":25},"end":{"line":156,"column":136}},"75":{"start":{"line":157,"column":21},"end":{"line":157,"column":54}},"76":{"start":{"line":158,"column":8},"end":{"line":158,"column":27}},"77":{"start":{"line":160,"column":8},"end":{"line":160,"column":57}},"78":{"start":{"line":161,"column":8},"end":{"line":161,"column":20}},"79":{"start":{"line":165,"column":27},"end":{"line":174,"column":1}},"80":{"start":{"line":166,"column":4},"end":{"line":173,"column":5}},"81":{"start":{"line":167,"column":25},"end":{"line":167,"column":130}},"82":{"start":{"line":168,"column":21},"end":{"line":168,"column":54}},"83":{"start":{"line":169,"column":8},"end":{"line":169,"column":27}},"84":{"start":{"line":171,"column":8},"end":{"line":171,"column":54}},"85":{"start":{"line":172,"column":8},"end":{"line":172,"column":20}},"86":{"start":{"line":177,"column":33},"end":{"line":192,"column":1}},"87":{"start":{"line":178,"column":4},"end":{"line":191,"column":5}},"88":{"start":{"line":179,"column":25},"end":{"line":186,"column":10}},"89":{"start":{"line":187,"column":8},"end":{"line":187,"column":43}},"90":{"start":{"line":189,"column":8},"end":{"line":189,"column":60}},"91":{"start":{"line":190,"column":8},"end":{"line":190,"column":20}},"92":{"start":{"line":194,"column":34},"end":{"line":207,"column":1}},"93":{"start":{"line":195,"column":4},"end":{"line":206,"column":5}},"94":{"start":{"line":196,"column":25},"end":{"line":201,"column":10}},"95":{"start":{"line":202,"column":8},"end":{"line":202,"column":43}},"96":{"start":{"line":204,"column":8},"end":{"line":204,"column":55}},"97":{"start":{"line":205,"column":8},"end":{"line":205,"column":18}},"98":{"start":{"line":209,"column":32},"end":{"line":221,"column":1}},"99":{"start":{"line":210,"column":4},"end":{"line":220,"column":5}},"100":{"start":{"line":211,"column":25},"end":{"line":215,"column":10}},"101":{"start":{"line":216,"column":8},"end":{"line":216,"column":43}},"102":{"start":{"line":218,"column":8},"end":{"line":218,"column":59}},"103":{"start":{"line":219,"column":8},"end":{"line":219,"column":20}},"104":{"start":{"line":223,"column":38},"end":{"line":238,"column":1}},"105":{"start":{"line":224,"column":4},"end":{"line":237,"column":5}},"106":{"start":{"line":225,"column":25},"end":{"line":232,"column":10}},"107":{"start":{"line":233,"column":8},"end":{"line":233,"column":43}},"108":{"start":{"line":235,"column":8},"end":{"line":235,"column":56}},"109":{"start":{"line":236,"column":8},"end":{"line":236,"column":20}},"110":{"start":{"line":241,"column":33},"end":{"line":252,"column":1}},"111":{"start":{"line":242,"column":4},"end":{"line":251,"column":5}},"112":{"start":{"line":243,"column":25},"end":{"line":246,"column":10}},"113":{"start":{"line":247,"column":8},"end":{"line":247,"column":43}},"114":{"start":{"line":249,"column":8},"end":{"line":249,"column":61}},"115":{"start":{"line":250,"column":8},"end":{"line":250,"column":20}},"116":{"start":{"line":254,"column":29},"end":{"line":271,"column":6}},"117":{"start":{"line":255,"column":4},"end":{"line":255,"column":90}},"118":{"start":{"line":257,"column":4},"end":{"line":271,"column":5}},"119":{"start":{"line":258,"column":25},"end":{"line":265,"column":10}},"120":{"start":{"line":267,"column":8},"end":{"line":267,"column":43}},"121":{"start":{"line":269,"column":8},"end":{"line":269,"column":61}},"122":{"start":{"line":270,"column":8},"end":{"line":270,"column":20}},"123":{"start":{"line":276,"column":4},"end":{"line":276,"column":27}},"124":{"start":{"line":285,"column":4},"end":{"line":318,"column":5}},"125":{"start":{"line":286,"column":23},"end":{"line":286,"column":37}},"126":{"start":{"line":287,"column":6},"end":{"line":287,"column":55}},"127":{"start":{"line":289,"column":23},"end":{"line":292,"column":8}},"128":{"start":{"line":294,"column":6},"end":{"line":296,"column":7}},"129":{"start":{"line":295,"column":8},"end":{"line":295,"column":66}},"130":{"start":{"line":298,"column":19},"end":{"line":298,"column":40}},"131":{"start":{"line":300,"column":6},"end":{"line":302,"column":7}},"132":{"start":{"line":301,"column":8},"end":{"line":301,"column":36}},"133":{"start":{"line":304,"column":6},"end":{"line":309,"column":8}},"134":{"start":{"line":311,"column":6},"end":{"line":311,"column":54}},"135":{"start":{"line":312,"column":6},"end":{"line":317,"column":8}},"136":{"start":{"line":328,"column":4},"end":{"line":332,"column":5}},"137":{"start":{"line":329,"column":6},"end":{"line":329,"column":48}},"138":{"start":{"line":331,"column":6},"end":{"line":331,"column":48}},"139":{"start":{"line":340,"column":4},"end":{"line":340,"column":30}},"140":{"start":{"line":348,"column":4},"end":{"line":348,"column":24}},"141":{"start":{"line":356,"column":4},"end":{"line":365,"column":5}},"142":{"start":{"line":357,"column":23},"end":{"line":360,"column":8}},"143":{"start":{"line":361,"column":6},"end":{"line":361,"column":25}},"144":{"start":{"line":363,"column":6},"end":{"line":363,"column":55}},"145":{"start":{"line":364,"column":6},"end":{"line":364,"column":19}},"146":{"start":{"line":370,"column":24},"end":{"line":370,"column":45}}},"fnMap":{"0":{"name":"(anonymous_0)","decl":{"start":{"line":6,"column":33},"end":{"line":6,"column":34}},"loc":{"start":{"line":6,"column":53},"end":{"line":23,"column":1}},"line":6},"1":{"name":"(anonymous_1)","decl":{"start":{"line":25,"column":28},"end":{"line":25,"column":29}},"loc":{"start":{"line":25,"column":45},"end":{"line":46,"column":1}},"line":25},"2":{"name":"(anonymous_2)","decl":{"start":{"line":49,"column":35},"end":{"line":49,"column":36}},"loc":{"start":{"line":49,"column":55},"end":{"line":72,"column":1}},"line":49},"3":{"name":"(anonymous_3)","decl":{"start":{"line":75,"column":22},"end":{"line":75,"column":23}},"loc":{"start":{"line":75,"column":78},"end":{"line":96,"column":1}},"line":75},"4":{"name":"(anonymous_4)","decl":{"start":{"line":98,"column":36},"end":{"line":98,"column":37}},"loc":{"start":{"line":98,"column":93},"end":{"line":107,"column":1}},"line":98},"5":{"name":"(anonymous_5)","decl":{"start":{"line":109,"column":21},"end":{"line":109,"column":22}},"loc":{"start":{"line":109,"column":44},"end":{"line":124,"column":1}},"line":109},"6":{"name":"(anonymous_6)","decl":{"start":{"line":126,"column":22},"end":{"line":126,"column":23}},"loc":{"start":{"line":126,"column":34},"end":{"line":137,"column":1}},"line":126},"7":{"name":"(anonymous_7)","decl":{"start":{"line":139,"column":27},"end":{"line":139,"column":28}},"loc":{"start":{"line":139,"column":39},"end":{"line":152,"column":1}},"line":139},"8":{"name":"(anonymous_8)","decl":{"start":{"line":154,"column":30},"end":{"line":154,"column":31}},"loc":{"start":{"line":154,"column":50},"end":{"line":163,"column":1}},"line":154},"9":{"name":"(anonymous_9)","decl":{"start":{"line":165,"column":27},"end":{"line":165,"column":28}},"loc":{"start":{"line":165,"column":44},"end":{"line":174,"column":1}},"line":165},"10":{"name":"(anonymous_10)","decl":{"start":{"line":177,"column":33},"end":{"line":177,"column":34}},"loc":{"start":{"line":177,"column":83},"end":{"line":192,"column":1}},"line":177},"11":{"name":"(anonymous_11)","decl":{"start":{"line":194,"column":34},"end":{"line":194,"column":35}},"loc":{"start":{"line":194,"column":97},"end":{"line":207,"column":1}},"line":194},"12":{"name":"(anonymous_12)","decl":{"start":{"line":209,"column":32},"end":{"line":209,"column":33}},"loc":{"start":{"line":209,"column":60},"end":{"line":221,"column":1}},"line":209},"13":{"name":"(anonymous_13)","decl":{"start":{"line":223,"column":38},"end":{"line":223,"column":39}},"loc":{"start":{"line":223,"column":72},"end":{"line":238,"column":1}},"line":223},"14":{"name":"(anonymous_14)","decl":{"start":{"line":241,"column":33},"end":{"line":241,"column":34}},"loc":{"start":{"line":241,"column":51},"end":{"line":252,"column":1}},"line":241},"15":{"name":"(anonymous_15)","decl":{"start":{"line":254,"column":29},"end":{"line":254,"column":30}},"loc":{"start":{"line":254,"column":46},"end":{"line":271,"column":6}},"line":254},"16":{"name":"(anonymous_16)","decl":{"start":{"line":275,"column":2},"end":{"line":275,"column":3}},"loc":{"start":{"line":275,"column":60},"end":{"line":277,"column":3}},"line":275},"17":{"name":"(anonymous_17)","decl":{"start":{"line":284,"column":2},"end":{"line":284,"column":3}},"loc":{"start":{"line":284,"column":32},"end":{"line":319,"column":3}},"line":284},"18":{"name":"(anonymous_18)","decl":{"start":{"line":327,"column":2},"end":{"line":327,"column":3}},"loc":{"start":{"line":327,"column":38},"end":{"line":333,"column":3}},"line":327},"19":{"name":"(anonymous_19)","decl":{"start":{"line":339,"column":2},"end":{"line":339,"column":3}},"loc":{"start":{"line":339,"column":25},"end":{"line":341,"column":3}},"line":339},"20":{"name":"(anonymous_20)","decl":{"start":{"line":347,"column":2},"end":{"line":347,"column":3}},"loc":{"start":{"line":347,"column":15},"end":{"line":349,"column":3}},"line":347},"21":{"name":"(anonymous_21)","decl":{"start":{"line":355,"column":2},"end":{"line":355,"column":3}},"loc":{"start":{"line":355,"column":22},"end":{"line":366,"column":3}},"line":355}},"branchMap":{"0":{"loc":{"start":{"line":8,"column":4},"end":{"line":21,"column":5}},"type":"if","locations":[{"start":{"line":8,"column":4},"end":{"line":21,"column":5}},{"start":{},"end":{}}],"line":8},"1":{"loc":{"start":{"line":9,"column":32},"end":{"line":9,"column":75}},"type":"binary-expr","locations":[{"start":{"line":9,"column":32},"end":{"line":9,"column":44}},{"start":{"line":9,"column":48},"end":{"line":9,"column":75}}],"line":9},"2":{"loc":{"start":{"line":10,"column":8},"end":{"line":12,"column":9}},"type":"if","locations":[{"start":{"line":10,"column":8},"end":{"line":12,"column":9}},{"start":{},"end":{}}],"line":10},"3":{"loc":{"start":{"line":13,"column":8},"end":{"line":15,"column":9}},"type":"if","locations":[{"start":{"line":13,"column":8},"end":{"line":15,"column":9}},{"start":{},"end":{}}],"line":13},"4":{"loc":{"start":{"line":16,"column":8},"end":{"line":18,"column":9}},"type":"if","locations":[{"start":{"line":16,"column":8},"end":{"line":18,"column":9}},{"start":{},"end":{}}],"line":16},"5":{"loc":{"start":{"line":53,"column":8},"end":{"line":66,"column":9}},"type":"if","locations":[{"start":{"line":53,"column":8},"end":{"line":66,"column":9}},{"start":{},"end":{}}],"line":53},"6":{"loc":{"start":{"line":54,"column":36},"end":{"line":54,"column":79}},"type":"binary-expr","locations":[{"start":{"line":54,"column":36},"end":{"line":54,"column":48}},{"start":{"line":54,"column":52},"end":{"line":54,"column":79}}],"line":54},"7":{"loc":{"start":{"line":55,"column":12},"end":{"line":57,"column":13}},"type":"if","locations":[{"start":{"line":55,"column":12},"end":{"line":57,"column":13}},{"start":{},"end":{}}],"line":55},"8":{"loc":{"start":{"line":58,"column":12},"end":{"line":60,"column":13}},"type":"if","locations":[{"start":{"line":58,"column":12},"end":{"line":60,"column":13}},{"start":{},"end":{}}],"line":58},"9":{"loc":{"start":{"line":61,"column":12},"end":{"line":63,"column":13}},"type":"if","locations":[{"start":{"line":61,"column":12},"end":{"line":63,"column":13}},{"start":{},"end":{}}],"line":61},"10":{"loc":{"start":{"line":275,"column":14},"end":{"line":275,"column":58}},"type":"default-arg","locations":[{"start":{"line":275,"column":24},"end":{"line":275,"column":58}}],"line":275},"11":{"loc":{"start":{"line":294,"column":6},"end":{"line":296,"column":7}},"type":"if","locations":[{"start":{"line":294,"column":6},"end":{"line":296,"column":7}},{"start":{},"end":{}}],"line":294},"12":{"loc":{"start":{"line":300,"column":6},"end":{"line":302,"column":7}},"type":"if","locations":[{"start":{"line":300,"column":6},"end":{"line":302,"column":7}},{"start":{},"end":{}}],"line":300},"13":{"loc":{"start":{"line":307,"column":20},"end":{"line":307,"column":40}},"type":"binary-expr","locations":[{"start":{"line":307,"column":20},"end":{"line":307,"column":35}},{"start":{"line":307,"column":39},"end":{"line":307,"column":40}}],"line":307},"14":{"loc":{"start":{"line":314,"column":15},"end":{"line":314,"column":87}},"type":"binary-expr","locations":[{"start":{"line":314,"column":15},"end":{"line":314,"column":28}},{"start":{"line":314,"column":32},"end":{"line":314,"column":87}}],"line":314},"15":{"loc":{"start":{"line":328,"column":4},"end":{"line":332,"column":5}},"type":"if","locations":[{"start":{"line":328,"column":4},"end":{"line":332,"column":5}},{"start":{"line":330,"column":11},"end":{"line":332,"column":5}}],"line":328}},"s":{"0":2,"1":2,"2":2,"3":2,"4":2,"5":33,"6":31,"7":21,"8":21,"9":0,"10":21,"11":0,"12":21,"13":0,"14":21,"15":10,"16":2,"17":0,"18":0,"19":0,"20":0,"21":0,"22":0,"23":0,"24":0,"25":0,"26":0,"27":0,"28":2,"29":0,"30":0,"31":0,"32":0,"33":0,"34":0,"35":0,"36":0,"37":0,"38":0,"39":0,"40":0,"41":0,"42":0,"43":0,"44":2,"45":21,"46":21,"47":20,"48":1,"49":1,"50":2,"51":0,"52":0,"53":2,"54":13,"55":13,"56":13,"57":0,"58":0,"59":2,"60":0,"61":0,"62":0,"63":0,"64":0,"65":2,"66":0,"67":0,"68":0,"69":0,"70":0,"71":0,"72":2,"73":0,"74":0,"75":0,"76":0,"77":0,"78":0,"79":2,"80":0,"81":0,"82":0,"83":0,"84":0,"85":0,"86":2,"87":0,"88":0,"89":0,"90":0,"91":0,"92":2,"93":0,"94":0,"95":0,"96":0,"97":0,"98":2,"99":0,"100":0,"101":0,"102":0,"103":0,"104":2,"105":0,"106":0,"107":0,"108":0,"109":0,"110":2,"111":0,"112":0,"113":0,"114":0,"115":0,"116":2,"117":0,"118":0,"119":0,"120":0,"121":0,"122":0,"123":2,"124":0,"125":0,"126":0,"127":0,"128":0,"129":0,"130":0,"131":0,"132":0,"133":0,"134":0,"135":0,"136":0,"137":0,"138":0,"139":0,"140":0,"141":0,"142":0,"143":0,"144":0,"145":0,"146":2},"f":{"0":33,"1":0,"2":0,"3":21,"4":0,"5":13,"6":0,"7":0,"8":0,"9":0,"10":0,"11":0,"12":0,"13":0,"14":0,"15":0,"16":2,"17":0,"18":0,"19":0,"20":0,"21":0},"b":{"0":[21,10],"1":[21,21],"2":[0,21],"3":[0,21],"4":[0,21],"5":[0,0],"6":[0,0],"7":[0,0],"8":[0,0],"9":[0,0],"10":[2],"11":[0,0],"12":[0,0],"13":[0,0],"14":[0,0],"15":[0,0]},"_coverageSchema":"1a1c01bbd47fc00a2c39e90264f33305004495a9","hash":"333c78d757202f5c81721f08b1e158a5818b8f3e"}
}
