{"C:\\Users\\user\\OneDrive - University of Pretoria\\Final Year\\COS 301\\Capstone\\Hands-Up\\backend\\api\\controllers\\dbController.js": {"path":"C:\\Users\\user\\OneDrive - University of Pretoria\\Final Year\\COS 301\\Capstone\\Hands-Up\\backend\\api\\controllers\\dbController.js","statementMap":{"0":{"start":{"line":5,"column":15},"end":{"line":5,"column":23}},"1":{"start":{"line":7,"column":32},"end":{"line":89,"column":1}},"2":{"start":{"line":9,"column":2},"end":{"line":88,"column":5}},"3":{"start":{"line":10,"column":4},"end":{"line":44,"column":5}},"4":{"start":{"line":11,"column":23},"end":{"line":11,"column":42}},"5":{"start":{"line":13,"column":6},"end":{"line":18,"column":7}},"6":{"start":{"line":14,"column":8},"end":{"line":17,"column":11}},"7":{"start":{"line":20,"column":21},"end":{"line":23,"column":7}},"8":{"start":{"line":25,"column":6},"end":{"line":30,"column":7}},"9":{"start":{"line":26,"column":8},"end":{"line":29,"column":11}},"10":{"start":{"line":32,"column":6},"end":{"line":36,"column":9}},"11":{"start":{"line":39,"column":6},"end":{"line":39,"column":38}},"12":{"start":{"line":40,"column":6},"end":{"line":43,"column":9}},"13":{"start":{"line":46,"column":7},"end":{"line":88,"column":5}},"14":{"start":{"line":47,"column":6},"end":{"line":87,"column":7}},"15":{"start":{"line":48,"column":25},"end":{"line":48,"column":44}},"16":{"start":{"line":49,"column":29},"end":{"line":49,"column":37}},"17":{"start":{"line":51,"column":8},"end":{"line":56,"column":9}},"18":{"start":{"line":52,"column":10},"end":{"line":55,"column":13}},"19":{"start":{"line":58,"column":23},"end":{"line":67,"column":9}},"20":{"start":{"line":69,"column":8},"end":{"line":74,"column":9}},"21":{"start":{"line":70,"column":10},"end":{"line":73,"column":13}},"22":{"start":{"line":76,"column":8},"end":{"line":79,"column":11}},"23":{"start":{"line":82,"column":8},"end":{"line":82,"column":40}},"24":{"start":{"line":83,"column":8},"end":{"line":86,"column":11}},"25":{"start":{"line":92,"column":26},"end":{"line":160,"column":1}},"26":{"start":{"line":93,"column":2},"end":{"line":159,"column":3}},"27":{"start":{"line":94,"column":57},"end":{"line":94,"column":65}},"28":{"start":{"line":96,"column":4},"end":{"line":101,"column":5}},"29":{"start":{"line":97,"column":6},"end":{"line":100,"column":9}},"30":{"start":{"line":103,"column":23},"end":{"line":103,"column":25}},"31":{"start":{"line":104,"column":27},"end":{"line":104,"column":66}},"32":{"start":{"line":107,"column":4},"end":{"line":107,"column":30}},"33":{"start":{"line":110,"column":23},"end":{"line":115,"column":5}},"34":{"start":{"line":117,"column":19},"end":{"line":117,"column":44}},"35":{"start":{"line":120,"column":4},"end":{"line":124,"column":6}},"36":{"start":{"line":128,"column":4},"end":{"line":128,"column":31}},"37":{"start":{"line":134,"column":4},"end":{"line":141,"column":7}},"38":{"start":{"line":144,"column":4},"end":{"line":144,"column":40}},"39":{"start":{"line":145,"column":4},"end":{"line":145,"column":33}},"40":{"start":{"line":147,"column":4},"end":{"line":153,"column":5}},"41":{"start":{"line":148,"column":20},"end":{"line":148,"column":78}},"42":{"start":{"line":149,"column":6},"end":{"line":152,"column":9}},"43":{"start":{"line":155,"column":4},"end":{"line":158,"column":7}},"44":{"start":{"line":162,"column":25},"end":{"line":201,"column":1}},"45":{"start":{"line":163,"column":2},"end":{"line":200,"column":3}},"46":{"start":{"line":164,"column":32},"end":{"line":164,"column":40}},"47":{"start":{"line":169,"column":23},"end":{"line":172,"column":5}},"48":{"start":{"line":174,"column":4},"end":{"line":176,"column":5}},"49":{"start":{"line":175,"column":6},"end":{"line":175,"column":74}},"50":{"start":{"line":178,"column":17},"end":{"line":178,"column":35}},"51":{"start":{"line":182,"column":20},"end":{"line":182,"column":65}},"52":{"start":{"line":183,"column":4},"end":{"line":185,"column":5}},"53":{"start":{"line":184,"column":6},"end":{"line":184,"column":68}},"54":{"start":{"line":188,"column":4},"end":{"line":195,"column":7}},"55":{"start":{"line":198,"column":4},"end":{"line":198,"column":39}},"56":{"start":{"line":199,"column":4},"end":{"line":199,"column":61}},"57":{"start":{"line":203,"column":27},"end":{"line":220,"column":1}},"58":{"start":{"line":204,"column":2},"end":{"line":219,"column":3}},"59":{"start":{"line":205,"column":19},"end":{"line":205,"column":29}},"60":{"start":{"line":206,"column":19},"end":{"line":209,"column":5}},"61":{"start":{"line":211,"column":4},"end":{"line":213,"column":5}},"62":{"start":{"line":212,"column":6},"end":{"line":212,"column":63}},"63":{"start":{"line":215,"column":4},"end":{"line":215,"column":51}},"64":{"start":{"line":217,"column":4},"end":{"line":217,"column":52}},"65":{"start":{"line":218,"column":4},"end":{"line":218,"column":61}},"66":{"start":{"line":222,"column":30},"end":{"line":235,"column":1}},"67":{"start":{"line":223,"column":2},"end":{"line":234,"column":3}},"68":{"start":{"line":224,"column":25},"end":{"line":224,"column":35}},"69":{"start":{"line":225,"column":19},"end":{"line":228,"column":5}},"70":{"start":{"line":230,"column":4},"end":{"line":230,"column":61}},"71":{"start":{"line":232,"column":4},"end":{"line":232,"column":51}},"72":{"start":{"line":233,"column":4},"end":{"line":233,"column":61}},"73":{"start":{"line":237,"column":27},"end":{"line":250,"column":1}},"74":{"start":{"line":238,"column":2},"end":{"line":249,"column":3}},"75":{"start":{"line":239,"column":22},"end":{"line":239,"column":32}},"76":{"start":{"line":240,"column":19},"end":{"line":243,"column":5}},"77":{"start":{"line":245,"column":4},"end":{"line":245,"column":61}},"78":{"start":{"line":247,"column":4},"end":{"line":247,"column":48}},"79":{"start":{"line":248,"column":4},"end":{"line":248,"column":61}},"80":{"start":{"line":252,"column":33},"end":{"line":276,"column":1}},"81":{"start":{"line":253,"column":2},"end":{"line":275,"column":3}},"82":{"start":{"line":254,"column":19},"end":{"line":254,"column":29}},"83":{"start":{"line":255,"column":47},"end":{"line":255,"column":55}},"84":{"start":{"line":259,"column":6},"end":{"line":262,"column":58}},"85":{"start":{"line":264,"column":19},"end":{"line":264,"column":55}},"86":{"start":{"line":265,"column":19},"end":{"line":265,"column":50}},"87":{"start":{"line":267,"column":4},"end":{"line":269,"column":5}},"88":{"start":{"line":268,"column":6},"end":{"line":268,"column":64}},"89":{"start":{"line":271,"column":4},"end":{"line":271,"column":90}},"90":{"start":{"line":273,"column":4},"end":{"line":273,"column":55}},"91":{"start":{"line":274,"column":4},"end":{"line":274,"column":62}},"92":{"start":{"line":278,"column":34},"end":{"line":303,"column":1}},"93":{"start":{"line":279,"column":2},"end":{"line":302,"column":3}},"94":{"start":{"line":280,"column":19},"end":{"line":280,"column":29}},"95":{"start":{"line":281,"column":57},"end":{"line":281,"column":65}},"96":{"start":{"line":284,"column":23},"end":{"line":284,"column":25}},"97":{"start":{"line":285,"column":27},"end":{"line":285,"column":66}},"98":{"start":{"line":289,"column":6},"end":{"line":291,"column":58}},"99":{"start":{"line":292,"column":19},"end":{"line":292,"column":71}},"100":{"start":{"line":293,"column":19},"end":{"line":293,"column":50}},"101":{"start":{"line":295,"column":4},"end":{"line":297,"column":5}},"102":{"start":{"line":296,"column":6},"end":{"line":296,"column":64}},"103":{"start":{"line":298,"column":4},"end":{"line":298,"column":90}},"104":{"start":{"line":300,"column":4},"end":{"line":300,"column":55}},"105":{"start":{"line":301,"column":4},"end":{"line":301,"column":62}}},"fnMap":{"0":{"name":"(anonymous_0)","decl":{"start":{"line":7,"column":32},"end":{"line":7,"column":33}},"loc":{"start":{"line":7,"column":52},"end":{"line":89,"column":1}},"line":7},"1":{"name":"(anonymous_1)","decl":{"start":{"line":92,"column":26},"end":{"line":92,"column":27}},"loc":{"start":{"line":92,"column":46},"end":{"line":160,"column":1}},"line":92},"2":{"name":"(anonymous_2)","decl":{"start":{"line":162,"column":25},"end":{"line":162,"column":26}},"loc":{"start":{"line":162,"column":45},"end":{"line":201,"column":1}},"line":162},"3":{"name":"(anonymous_3)","decl":{"start":{"line":203,"column":27},"end":{"line":203,"column":28}},"loc":{"start":{"line":203,"column":47},"end":{"line":220,"column":1}},"line":203},"4":{"name":"(anonymous_4)","decl":{"start":{"line":222,"column":30},"end":{"line":222,"column":31}},"loc":{"start":{"line":222,"column":50},"end":{"line":235,"column":1}},"line":222},"5":{"name":"(anonymous_5)","decl":{"start":{"line":237,"column":27},"end":{"line":237,"column":28}},"loc":{"start":{"line":237,"column":47},"end":{"line":250,"column":1}},"line":237},"6":{"name":"(anonymous_6)","decl":{"start":{"line":252,"column":33},"end":{"line":252,"column":34}},"loc":{"start":{"line":252,"column":53},"end":{"line":276,"column":1}},"line":252},"7":{"name":"(anonymous_7)","decl":{"start":{"line":278,"column":34},"end":{"line":278,"column":35}},"loc":{"start":{"line":278,"column":54},"end":{"line":303,"column":1}},"line":278}},"branchMap":{"0":{"loc":{"start":{"line":9,"column":2},"end":{"line":88,"column":5}},"type":"if","locations":[{"start":{"line":9,"column":2},"end":{"line":88,"column":5}},{"start":{"line":46,"column":7},"end":{"line":88,"column":5}}],"line":9},"1":{"loc":{"start":{"line":13,"column":6},"end":{"line":18,"column":7}},"type":"if","locations":[{"start":{"line":13,"column":6},"end":{"line":18,"column":7}},{"start":{},"end":{}}],"line":13},"2":{"loc":{"start":{"line":25,"column":6},"end":{"line":30,"column":7}},"type":"if","locations":[{"start":{"line":25,"column":6},"end":{"line":30,"column":7}},{"start":{},"end":{}}],"line":25},"3":{"loc":{"start":{"line":46,"column":7},"end":{"line":88,"column":5}},"type":"if","locations":[{"start":{"line":46,"column":7},"end":{"line":88,"column":5}},{"start":{},"end":{}}],"line":46},"4":{"loc":{"start":{"line":51,"column":8},"end":{"line":56,"column":9}},"type":"if","locations":[{"start":{"line":51,"column":8},"end":{"line":56,"column":9}},{"start":{},"end":{}}],"line":51},"5":{"loc":{"start":{"line":51,"column":12},"end":{"line":51,"column":38}},"type":"binary-expr","locations":[{"start":{"line":51,"column":12},"end":{"line":51,"column":21}},{"start":{"line":51,"column":25},"end":{"line":51,"column":38}}],"line":51},"6":{"loc":{"start":{"line":69,"column":8},"end":{"line":74,"column":9}},"type":"if","locations":[{"start":{"line":69,"column":8},"end":{"line":74,"column":9}},{"start":{},"end":{}}],"line":69},"7":{"loc":{"start":{"line":96,"column":4},"end":{"line":101,"column":5}},"type":"if","locations":[{"start":{"line":96,"column":4},"end":{"line":101,"column":5}},{"start":{},"end":{}}],"line":96},"8":{"loc":{"start":{"line":96,"column":8},"end":{"line":96,"column":61}},"type":"binary-expr","locations":[{"start":{"line":96,"column":8},"end":{"line":96,"column":13}},{"start":{"line":96,"column":17},"end":{"line":96,"column":25}},{"start":{"line":96,"column":29},"end":{"line":96,"column":38}},{"start":{"line":96,"column":42},"end":{"line":96,"column":48}},{"start":{"line":96,"column":52},"end":{"line":96,"column":61}}],"line":96},"9":{"loc":{"start":{"line":147,"column":4},"end":{"line":153,"column":5}},"type":"if","locations":[{"start":{"line":147,"column":4},"end":{"line":153,"column":5}},{"start":{},"end":{}}],"line":147},"10":{"loc":{"start":{"line":148,"column":20},"end":{"line":148,"column":78}},"type":"cond-expr","locations":[{"start":{"line":148,"column":58},"end":{"line":148,"column":68}},{"start":{"line":148,"column":71},"end":{"line":148,"column":78}}],"line":148},"11":{"loc":{"start":{"line":174,"column":4},"end":{"line":176,"column":5}},"type":"if","locations":[{"start":{"line":174,"column":4},"end":{"line":176,"column":5}},{"start":{},"end":{}}],"line":174},"12":{"loc":{"start":{"line":183,"column":4},"end":{"line":185,"column":5}},"type":"if","locations":[{"start":{"line":183,"column":4},"end":{"line":185,"column":5}},{"start":{},"end":{}}],"line":183},"13":{"loc":{"start":{"line":211,"column":4},"end":{"line":213,"column":5}},"type":"if","locations":[{"start":{"line":211,"column":4},"end":{"line":213,"column":5}},{"start":{},"end":{}}],"line":211},"14":{"loc":{"start":{"line":267,"column":4},"end":{"line":269,"column":5}},"type":"if","locations":[{"start":{"line":267,"column":4},"end":{"line":269,"column":5}},{"start":{},"end":{}}],"line":267},"15":{"loc":{"start":{"line":295,"column":4},"end":{"line":297,"column":5}},"type":"if","locations":[{"start":{"line":295,"column":4},"end":{"line":297,"column":5}},{"start":{},"end":{}}],"line":295}},"s":{"0":1,"1":1,"2":0,"3":0,"4":0,"5":0,"6":0,"7":0,"8":0,"9":0,"10":0,"11":0,"12":0,"13":0,"14":0,"15":0,"16":0,"17":0,"18":0,"19":0,"20":0,"21":0,"22":0,"23":0,"24":0,"25":1,"26":0,"27":0,"28":0,"29":0,"30":0,"31":0,"32":0,"33":0,"34":0,"35":0,"36":0,"37":0,"38":0,"39":0,"40":0,"41":0,"42":0,"43":0,"44":1,"45":0,"46":0,"47":0,"48":0,"49":0,"50":0,"51":0,"52":0,"53":0,"54":0,"55":0,"56":0,"57":1,"58":0,"59":0,"60":0,"61":0,"62":0,"63":0,"64":0,"65":0,"66":1,"67":0,"68":0,"69":0,"70":0,"71":0,"72":0,"73":1,"74":0,"75":0,"76":0,"77":0,"78":0,"79":0,"80":1,"81":0,"82":0,"83":0,"84":0,"85":0,"86":0,"87":0,"88":0,"89":0,"90":0,"91":0,"92":1,"93":0,"94":0,"95":0,"96":0,"97":0,"98":0,"99":0,"100":0,"101":0,"102":0,"103":0,"104":0,"105":0},"f":{"0":0,"1":0,"2":0,"3":0,"4":0,"5":0,"6":0,"7":0},"b":{"0":[0,0],"1":[0,0],"2":[0,0],"3":[0,0],"4":[0,0],"5":[0,0],"6":[0,0],"7":[0,0],"8":[0,0,0,0,0],"9":[0,0],"10":[0,0],"11":[0,0],"12":[0,0],"13":[0,0],"14":[0,0],"15":[0,0]},"_coverageSchema":"1a1c01bbd47fc00a2c39e90264f33305004495a9","hash":"3948be09cc11cd6c8ac247ac8b8b54c0abbf797c"}
,"C:\\Users\\user\\OneDrive - University of Pretoria\\Final Year\\COS 301\\Capstone\\Hands-Up\\frontend\\src\\utils\\apiCalls.js": {"path":"C:\\Users\\user\\OneDrive - University of Pretoria\\Final Year\\COS 301\\Capstone\\Hands-Up\\frontend\\src\\utils\\apiCalls.js","statementMap":{"0":{"start":{"line":1,"column":28},"end":{"line":22,"column":1}},"1":{"start":{"line":2,"column":2},"end":{"line":2,"column":46}},"2":{"start":{"line":4,"column":19},"end":{"line":4,"column":33}},"3":{"start":{"line":5,"column":2},"end":{"line":5,"column":46}},"4":{"start":{"line":6,"column":2},"end":{"line":6,"column":21}},"5":{"start":{"line":8,"column":2},"end":{"line":21,"column":3}},"6":{"start":{"line":9,"column":21},"end":{"line":12,"column":6}},"7":{"start":{"line":14,"column":17},"end":{"line":14,"column":38}},"8":{"start":{"line":15,"column":4},"end":{"line":15,"column":35}},"9":{"start":{"line":16,"column":4},"end":{"line":16,"column":18}},"10":{"start":{"line":19,"column":4},"end":{"line":19,"column":25}},"11":{"start":{"line":20,"column":4},"end":{"line":20,"column":38}},"12":{"start":{"line":24,"column":28},"end":{"line":45,"column":1}},"13":{"start":{"line":25,"column":2},"end":{"line":25,"column":46}},"14":{"start":{"line":27,"column":19},"end":{"line":27,"column":33}},"15":{"start":{"line":28,"column":2},"end":{"line":28,"column":46}},"16":{"start":{"line":29,"column":2},"end":{"line":29,"column":20}},"17":{"start":{"line":31,"column":2},"end":{"line":44,"column":3}},"18":{"start":{"line":32,"column":21},"end":{"line":35,"column":6}},"19":{"start":{"line":37,"column":17},"end":{"line":37,"column":38}},"20":{"start":{"line":38,"column":4},"end":{"line":38,"column":35}},"21":{"start":{"line":39,"column":4},"end":{"line":39,"column":18}},"22":{"start":{"line":42,"column":4},"end":{"line":42,"column":25}},"23":{"start":{"line":43,"column":4},"end":{"line":43,"column":38}},"24":{"start":{"line":47,"column":35},"end":{"line":56,"column":1}},"25":{"start":{"line":48,"column":3},"end":{"line":55,"column":3}},"26":{"start":{"line":49,"column":21},"end":{"line":49,"column":98}},"27":{"start":{"line":50,"column":17},"end":{"line":50,"column":38}},"28":{"start":{"line":51,"column":4},"end":{"line":51,"column":16}},"29":{"start":{"line":53,"column":4},"end":{"line":53,"column":51}},"30":{"start":{"line":54,"column":4},"end":{"line":54,"column":16}},"31":{"start":{"line":58,"column":38},"end":{"line":74,"column":1}},"32":{"start":{"line":59,"column":3},"end":{"line":72,"column":3}},"33":{"start":{"line":60,"column":21},"end":{"line":66,"column":6}},"34":{"start":{"line":67,"column":17},"end":{"line":67,"column":38}},"35":{"start":{"line":68,"column":4},"end":{"line":68,"column":16}},"36":{"start":{"line":70,"column":4},"end":{"line":70,"column":52}},"37":{"start":{"line":71,"column":4},"end":{"line":71,"column":16}},"38":{"start":{"line":76,"column":30},"end":{"line":88,"column":1}},"39":{"start":{"line":77,"column":4},"end":{"line":87,"column":7}},"40":{"start":{"line":78,"column":25},"end":{"line":78,"column":125}},"41":{"start":{"line":79,"column":8},"end":{"line":81,"column":9}},"42":{"start":{"line":80,"column":10},"end":{"line":80,"column":57}},"43":{"start":{"line":82,"column":21},"end":{"line":82,"column":42}},"44":{"start":{"line":83,"column":8},"end":{"line":83,"column":27}},"45":{"start":{"line":85,"column":8},"end":{"line":85,"column":57}},"46":{"start":{"line":86,"column":8},"end":{"line":86,"column":20}},"47":{"start":{"line":90,"column":27},"end":{"line":102,"column":1}},"48":{"start":{"line":91,"column":4},"end":{"line":101,"column":7}},"49":{"start":{"line":92,"column":25},"end":{"line":92,"column":119}},"50":{"start":{"line":93,"column":8},"end":{"line":95,"column":9}},"51":{"start":{"line":94,"column":10},"end":{"line":94,"column":57}},"52":{"start":{"line":96,"column":21},"end":{"line":96,"column":42}},"53":{"start":{"line":97,"column":8},"end":{"line":97,"column":27}},"54":{"start":{"line":99,"column":8},"end":{"line":99,"column":54}},"55":{"start":{"line":100,"column":8},"end":{"line":100,"column":20}},"56":{"start":{"line":104,"column":33},"end":{"line":125,"column":1}},"57":{"start":{"line":105,"column":2},"end":{"line":124,"column":3}},"58":{"start":{"line":106,"column":21},"end":{"line":112,"column":6}},"59":{"start":{"line":114,"column":19},"end":{"line":114,"column":40}},"60":{"start":{"line":116,"column":4},"end":{"line":118,"column":5}},"61":{"start":{"line":117,"column":6},"end":{"line":117,"column":64}},"62":{"start":{"line":120,"column":4},"end":{"line":120,"column":18}},"63":{"start":{"line":122,"column":4},"end":{"line":122,"column":56}},"64":{"start":{"line":123,"column":4},"end":{"line":123,"column":16}},"65":{"start":{"line":127,"column":34},"end":{"line":146,"column":1}},"66":{"start":{"line":128,"column":2},"end":{"line":145,"column":3}},"67":{"start":{"line":129,"column":21},"end":{"line":133,"column":6}},"68":{"start":{"line":135,"column":19},"end":{"line":135,"column":40}},"69":{"start":{"line":137,"column":4},"end":{"line":139,"column":5}},"70":{"start":{"line":138,"column":6},"end":{"line":138,"column":63}},"71":{"start":{"line":141,"column":4},"end":{"line":141,"column":18}},"72":{"start":{"line":143,"column":4},"end":{"line":143,"column":51}},"73":{"start":{"line":144,"column":4},"end":{"line":144,"column":14}},"74":{"start":{"line":148,"column":21},"end":{"line":148,"column":60}},"75":{"start":{"line":150,"column":22},"end":{"line":172,"column":1}},"76":{"start":{"line":151,"column":19},"end":{"line":163,"column":4}},"77":{"start":{"line":165,"column":15},"end":{"line":165,"column":36}},"78":{"start":{"line":167,"column":2},"end":{"line":169,"column":3}},"79":{"start":{"line":168,"column":4},"end":{"line":168,"column":51}},"80":{"start":{"line":171,"column":2},"end":{"line":171,"column":14}},"81":{"start":{"line":174,"column":21},"end":{"line":195,"column":1}},"82":{"start":{"line":175,"column":2},"end":{"line":194,"column":3}},"83":{"start":{"line":176,"column":21},"end":{"line":182,"column":6}},"84":{"start":{"line":184,"column":17},"end":{"line":184,"column":38}},"85":{"start":{"line":186,"column":4},"end":{"line":188,"column":5}},"86":{"start":{"line":187,"column":6},"end":{"line":187,"column":52}},"87":{"start":{"line":190,"column":4},"end":{"line":190,"column":16}},"88":{"start":{"line":192,"column":4},"end":{"line":192,"column":41}},"89":{"start":{"line":193,"column":4},"end":{"line":193,"column":16}}},"fnMap":{"0":{"name":"(anonymous_0)","decl":{"start":{"line":1,"column":28},"end":{"line":1,"column":29}},"loc":{"start":{"line":1,"column":45},"end":{"line":22,"column":1}},"line":1},"1":{"name":"(anonymous_1)","decl":{"start":{"line":24,"column":28},"end":{"line":24,"column":29}},"loc":{"start":{"line":24,"column":44},"end":{"line":45,"column":1}},"line":24},"2":{"name":"(anonymous_2)","decl":{"start":{"line":47,"column":35},"end":{"line":47,"column":36}},"loc":{"start":{"line":47,"column":55},"end":{"line":56,"column":1}},"line":47},"3":{"name":"(anonymous_3)","decl":{"start":{"line":58,"column":38},"end":{"line":58,"column":39}},"loc":{"start":{"line":58,"column":72},"end":{"line":74,"column":1}},"line":58},"4":{"name":"(anonymous_4)","decl":{"start":{"line":76,"column":30},"end":{"line":76,"column":31}},"loc":{"start":{"line":76,"column":50},"end":{"line":88,"column":1}},"line":76},"5":{"name":"(anonymous_5)","decl":{"start":{"line":90,"column":27},"end":{"line":90,"column":28}},"loc":{"start":{"line":90,"column":44},"end":{"line":102,"column":1}},"line":90},"6":{"name":"(anonymous_6)","decl":{"start":{"line":104,"column":33},"end":{"line":104,"column":34}},"loc":{"start":{"line":104,"column":83},"end":{"line":125,"column":1}},"line":104},"7":{"name":"(anonymous_7)","decl":{"start":{"line":127,"column":34},"end":{"line":127,"column":35}},"loc":{"start":{"line":127,"column":99},"end":{"line":146,"column":1}},"line":127},"8":{"name":"(anonymous_8)","decl":{"start":{"line":150,"column":22},"end":{"line":150,"column":23}},"loc":{"start":{"line":150,"column":78},"end":{"line":172,"column":1}},"line":150},"9":{"name":"(anonymous_9)","decl":{"start":{"line":174,"column":21},"end":{"line":174,"column":22}},"loc":{"start":{"line":174,"column":44},"end":{"line":195,"column":1}},"line":174}},"branchMap":{"0":{"loc":{"start":{"line":79,"column":8},"end":{"line":81,"column":9}},"type":"if","locations":[{"start":{"line":79,"column":8},"end":{"line":81,"column":9}},{"start":{},"end":{}}],"line":79},"1":{"loc":{"start":{"line":93,"column":8},"end":{"line":95,"column":9}},"type":"if","locations":[{"start":{"line":93,"column":8},"end":{"line":95,"column":9}},{"start":{},"end":{}}],"line":93},"2":{"loc":{"start":{"line":116,"column":4},"end":{"line":118,"column":5}},"type":"if","locations":[{"start":{"line":116,"column":4},"end":{"line":118,"column":5}},{"start":{},"end":{}}],"line":116},"3":{"loc":{"start":{"line":117,"column":22},"end":{"line":117,"column":62}},"type":"binary-expr","locations":[{"start":{"line":117,"column":22},"end":{"line":117,"column":34}},{"start":{"line":117,"column":38},"end":{"line":117,"column":62}}],"line":117},"4":{"loc":{"start":{"line":137,"column":4},"end":{"line":139,"column":5}},"type":"if","locations":[{"start":{"line":137,"column":4},"end":{"line":139,"column":5}},{"start":{},"end":{}}],"line":137},"5":{"loc":{"start":{"line":138,"column":22},"end":{"line":138,"column":61}},"type":"binary-expr","locations":[{"start":{"line":138,"column":22},"end":{"line":138,"column":34}},{"start":{"line":138,"column":38},"end":{"line":138,"column":61}}],"line":138},"6":{"loc":{"start":{"line":167,"column":2},"end":{"line":169,"column":3}},"type":"if","locations":[{"start":{"line":167,"column":2},"end":{"line":169,"column":3}},{"start":{},"end":{}}],"line":167},"7":{"loc":{"start":{"line":168,"column":20},"end":{"line":168,"column":49}},"type":"binary-expr","locations":[{"start":{"line":168,"column":20},"end":{"line":168,"column":30}},{"start":{"line":168,"column":34},"end":{"line":168,"column":49}}],"line":168},"8":{"loc":{"start":{"line":186,"column":4},"end":{"line":188,"column":5}},"type":"if","locations":[{"start":{"line":186,"column":4},"end":{"line":188,"column":5}},{"start":{},"end":{}}],"line":186},"9":{"loc":{"start":{"line":187,"column":22},"end":{"line":187,"column":50}},"type":"binary-expr","locations":[{"start":{"line":187,"column":22},"end":{"line":187,"column":32}},{"start":{"line":187,"column":36},"end":{"line":187,"column":50}}],"line":187}},"s":{"0":2,"1":0,"2":0,"3":0,"4":0,"5":0,"6":0,"7":0,"8":0,"9":0,"10":0,"11":0,"12":2,"13":0,"14":0,"15":0,"16":0,"17":0,"18":0,"19":0,"20":0,"21":0,"22":0,"23":0,"24":2,"25":0,"26":0,"27":0,"28":0,"29":0,"30":0,"31":2,"32":0,"33":0,"34":0,"35":0,"36":0,"37":0,"38":2,"39":0,"40":0,"41":0,"42":0,"43":0,"44":0,"45":0,"46":0,"47":2,"48":0,"49":0,"50":0,"51":0,"52":0,"53":0,"54":0,"55":0,"56":2,"57":0,"58":0,"59":0,"60":0,"61":0,"62":0,"63":0,"64":0,"65":2,"66":0,"67":0,"68":0,"69":0,"70":0,"71":0,"72":0,"73":0,"74":2,"75":2,"76":21,"77":20,"78":19,"79":12,"80":7,"81":2,"82":13,"83":13,"84":13,"85":12,"86":9,"87":3,"88":10,"89":10},"f":{"0":0,"1":0,"2":0,"3":0,"4":0,"5":0,"6":0,"7":0,"8":21,"9":13},"b":{"0":[0,0],"1":[0,0],"2":[0,0],"3":[0,0],"4":[0,0],"5":[0,0],"6":[12,7],"7":[12,1],"8":[9,3],"9":[9,1]},"_coverageSchema":"1a1c01bbd47fc00a2c39e90264f33305004495a9","hash":"6f77cd4b76d23eb499b7a2adc503d4cbd2044dfc"}
}
