TN:
SF:backend\api\controllers\dbController.js
FN:6,(anonymous_0)
FNF:1
FNH:1
FNDA:8,(anonymous_0)
DA:4,1
DA:6,1
DA:8,8
DA:9,4
DA:10,4
DA:12,4
DA:13,1
DA:19,3
DA:24,2
DA:25,1
DA:31,1
DA:38,1
DA:39,1
DA:45,4
DA:46,4
DA:47,4
DA:48,4
DA:50,4
DA:51,1
DA:57,3
DA:68,2
DA:69,1
DA:75,1
DA:81,1
DA:82,1
LF:25
LH:25
BRDA:8,0,0,4
BRDA:8,0,1,4
BRDA:12,1,0,1
BRDA:12,1,1,3
BRDA:24,2,0,1
BRDA:24,2,1,1
BRDA:45,3,0,4
BRDA:45,3,1,0
BRDA:50,4,0,1
BRDA:50,4,1,3
BRDA:50,5,0,4
BRDA:50,5,1,3
BRDA:68,6,0,1
BRDA:68,6,1,1
BRF:14
BRH:13
end_of_record
