TN:
SF:frontend\src\utils\apiCalls.js
FN:6,(anonymous_0)
FN:25,(anonymous_1)
FN:49,(anonymous_2)
FN:75,(anonymous_3)
FN:98,(anonymous_4)
FN:109,(anonymous_5)
FN:126,(anonymous_6)
FN:139,(anonymous_7)
FN:154,(anonymous_8)
FN:165,(anonymous_9)
FN:177,(anonymous_10)
FN:194,(anonymous_11)
FN:209,(anonymous_12)
FN:223,(anonymous_13)
FN:241,(anonymous_14)
FN:254,(anonymous_15)
FN:275,(anonymous_16)
FN:284,(anonymous_17)
FN:327,(anonymous_18)
FN:339,(anonymous_19)
FN:347,(anonymous_20)
FN:355,(anonymous_21)
FNF:22
FNH:4
FNDA:33,(anonymous_0)
FNDA:0,(anonymous_1)
FNDA:0,(anonymous_2)
FNDA:21,(anonymous_3)
FNDA:0,(anonymous_4)
FNDA:13,(anonymous_5)
FNDA:0,(anonymous_6)
FNDA:0,(anonymous_7)
FNDA:0,(anonymous_8)
FNDA:0,(anonymous_9)
FNDA:0,(anonymous_10)
FNDA:0,(anonymous_11)
FNDA:0,(anonymous_12)
FNDA:0,(anonymous_13)
FNDA:0,(anonymous_14)
FNDA:0,(anonymous_15)
FNDA:2,(anonymous_16)
FNDA:0,(anonymous_17)
FNDA:0,(anonymous_18)
FNDA:0,(anonymous_19)
FNDA:0,(anonymous_20)
FNDA:0,(anonymous_21)
DA:1,2
DA:2,2
DA:3,2
DA:4,2
DA:6,2
DA:7,33
DA:8,31
DA:9,21
DA:10,21
DA:11,0
DA:13,21
DA:14,0
DA:16,21
DA:17,0
DA:20,21
DA:22,10
DA:25,2
DA:26,0
DA:28,0
DA:29,0
DA:30,0
DA:32,0
DA:33,0
DA:38,0
DA:39,0
DA:40,0
DA:43,0
DA:44,0
DA:49,2
DA:50,0
DA:51,0
DA:52,0
DA:53,0
DA:54,0
DA:55,0
DA:56,0
DA:58,0
DA:59,0
DA:61,0
DA:62,0
DA:65,0
DA:67,0
DA:69,0
DA:70,0
DA:75,2
DA:76,21
DA:77,21
DA:91,20
DA:93,1
DA:94,1
DA:98,2
DA:99,0
DA:106,0
DA:109,2
DA:110,13
DA:111,13
DA:119,13
DA:121,0
DA:122,0
DA:126,2
DA:127,0
DA:128,0
DA:132,0
DA:134,0
DA:135,0
DA:139,2
DA:140,0
DA:141,0
DA:142,0
DA:147,0
DA:149,0
DA:150,0
DA:154,2
DA:155,0
DA:156,0
DA:157,0
DA:158,0
DA:160,0
DA:161,0
DA:165,2
DA:166,0
DA:167,0
DA:168,0
DA:169,0
DA:171,0
DA:172,0
DA:177,2
DA:178,0
DA:179,0
DA:187,0
DA:189,0
DA:190,0
DA:194,2
DA:195,0
DA:196,0
DA:202,0
DA:204,0
DA:205,0
DA:209,2
DA:210,0
DA:211,0
DA:216,0
DA:218,0
DA:219,0
DA:223,2
DA:224,0
DA:225,0
DA:233,0
DA:235,0
DA:236,0
DA:241,2
DA:242,0
DA:243,0
DA:247,0
DA:249,0
DA:250,0
DA:254,2
DA:255,0
DA:257,0
DA:258,0
DA:267,0
DA:269,0
DA:270,0
DA:276,2
DA:285,0
DA:286,0
DA:287,0
DA:289,0
DA:294,0
DA:295,0
DA:298,0
DA:300,0
DA:301,0
DA:304,0
DA:311,0
DA:312,0
DA:328,0
DA:329,0
DA:331,0
DA:340,0
DA:348,0
DA:356,0
DA:357,0
DA:361,0
DA:363,0
DA:364,0
DA:370,2
LF:147
LH:38
BRDA:8,0,0,21
BRDA:8,0,1,10
BRDA:9,1,0,21
BRDA:9,1,1,21
BRDA:10,2,0,0
BRDA:10,2,1,21
BRDA:13,3,0,0
BRDA:13,3,1,21
BRDA:16,4,0,0
BRDA:16,4,1,21
BRDA:53,5,0,0
BRDA:53,5,1,0
BRDA:54,6,0,0
BRDA:54,6,1,0
BRDA:55,7,0,0
BRDA:55,7,1,0
BRDA:58,8,0,0
BRDA:58,8,1,0
BRDA:61,9,0,0
BRDA:61,9,1,0
BRDA:275,10,0,2
BRDA:294,11,0,0
BRDA:294,11,1,0
BRDA:300,12,0,0
BRDA:300,12,1,0
BRDA:307,13,0,0
BRDA:307,13,1,0
BRDA:314,14,0,0
BRDA:314,14,1,0
BRDA:328,15,0,0
BRDA:328,15,1,0
BRF:31
BRH:8
end_of_record
